[2017-04-28 19:34:16,885] INFO org.github.dragos.vscode.Main$ - Starting server in /Users/pnguyenhuy/Desktop/scakka/Hackaman
[2017-04-28 19:34:16,885] INFO org.github.dragos.vscode.Main$ - Starting server in /Users/pnguyenhuy/Desktop/scakka/Hackaman
[2017-04-28 19:34:16,908] INFO org.github.dragos.vscode.Main$ - Classpath: /Users/pnguyenhuy/.vscode/extensions/dragos.scala-lsp-0.1.4/coursier
[2017-04-28 19:34:16,908] INFO org.github.dragos.vscode.Main$ - Classpath: /Users/pnguyenhuy/.vscode/extensions/dragos.scala-lsp-0.1.4/coursier
[2017-04-28 19:34:17,857] INFO akka.event.slf4j.Slf4jLogger - Slf4jLogger started
[2017-04-28 19:34:19,719] INFO org.github.dragos.vscode.EnsimeLanguageServer - Initialized with 33332, /Users/pnguyenhuy/Desktop/scakka/Hackaman, ClientCapabilities()
[2017-04-28 19:34:19,719] INFO org.github.dragos.vscode.EnsimeLanguageServer - Initialized with 33332, /Users/pnguyenhuy/Desktop/scakka/Hackaman, ClientCapabilities()
[2017-04-28 19:34:20,015] ERROR langserver.core.Connection - No notification type exists with method=initialized
[2017-04-28 19:34:20,015] ERROR langserver.core.Connection - No notification type exists with method=initialized
[2017-04-28 19:51:56,344] INFO org.github.dragos.vscode.EnsimeLanguageServer - Got hover request at (10, 14).
[2017-04-28 19:51:56,344] INFO org.github.dragos.vscode.EnsimeLanguageServer - Got hover request at (10, 14).
[2017-04-28 19:51:56,359] DEBUG org.github.dragos.vscode.EnsimeLanguageServer - DocUriAtPointReq future completed: succes? false
[2017-04-28 19:51:56,359] DEBUG org.github.dragos.vscode.EnsimeLanguageServer - DocUriAtPointReq future completed: succes? false
[2017-04-28 19:51:56,987] ERROR langserver.core.Connection - No notification type exists with method=$/cancelRequest
[2017-04-28 19:51:56,987] ERROR langserver.core.Connection - No notification type exists with method=$/cancelRequest
[2017-04-28 19:54:18,282] DEBUG org.github.dragos.vscode.EnsimeLanguageServer - Removing ${td.uri} from Ensime.
[2017-04-28 19:54:18,282] DEBUG org.github.dragos.vscode.EnsimeLanguageServer - Removing ${td.uri} from Ensime.
[2017-04-29 10:39:41,304] ERROR langserver.core.Connection - failed notification handler
java.lang.NullPointerException: null
	at org.github.dragos.vscode.EnsimeLanguageServer.onChangeTextDocument(EnsimeLanguageServer.scala:142)
	at langserver.core.LanguageServer$$anonfun$2.apply(LanguageServer.scala:42)
	at langserver.core.LanguageServer$$anonfun$2.apply(LanguageServer.scala:40)
	at langserver.core.Connection$$anonfun$notifySubscribers$1$$anonfun$apply$1.apply$mcV$sp(Connection.scala:42)
	at langserver.core.Connection$$anonfun$notifySubscribers$1$$anonfun$apply$1.apply(Connection.scala:42)
	at langserver.core.Connection$$anonfun$notifySubscribers$1$$anonfun$apply$1.apply(Connection.scala:42)
	at scala.util.Try$.apply(Try.scala:192)
	at langserver.core.Connection$$anonfun$notifySubscribers$1.apply(Connection.scala:42)
	at langserver.core.Connection$$anonfun$notifySubscribers$1.apply(Connection.scala:41)
	at scala.collection.immutable.List.foreach(List.scala:392)
	at scala.collection.generic.TraversableForwarder$class.foreach(TraversableForwarder.scala:35)
	at scala.collection.mutable.ListBuffer.foreach(ListBuffer.scala:45)
	at langserver.core.Connection.notifySubscribers(Connection.scala:41)
	at langserver.core.Connection$$anonfun$start$2$$anonfun$apply$4.apply(Connection.scala:98)
	at langserver.core.Connection$$anonfun$start$2$$anonfun$apply$4.apply(Connection.scala:98)
	at play.api.libs.json.JsResult$class.fold(JsResult.scala:76)
	at play.api.libs.json.JsSuccess.fold(JsResult.scala:9)
	at langserver.core.Connection$$anonfun$start$2.apply(Connection.scala:97)
	at langserver.core.Connection$$anonfun$start$2.apply(Connection.scala:97)
	at scala.Option.fold(Option.scala:158)
	at langserver.core.Connection.start(Connection.scala:97)
	at langserver.core.LanguageServer.start(LanguageServer.scala:50)
	at org.github.dragos.vscode.EnsimeLanguageServer.start(EnsimeLanguageServer.scala:47)
	at org.github.dragos.vscode.Main$.main(Main.scala:23)
	at org.github.dragos.vscode.Main.main(Main.scala)
	at sun.reflect.NativeMethodAccessorImpl.invoke0(Native Method)
	at sun.reflect.NativeMethodAccessorImpl.invoke(NativeMethodAccessorImpl.java:62)
	at sun.reflect.DelegatingMethodAccessorImpl.invoke(DelegatingMethodAccessorImpl.java:43)
	at java.lang.reflect.Method.invoke(Method.java:498)
	at coursier.cli.qn.a(Unknown Source)
	at coursier.cli.qm.i(Unknown Source)
	at coursier.cli.qs.a(Unknown Source)
	at c.g.a.c(Unknown Source)
	at a.b.d_(Unknown Source)
	at c.b.d.E.g(Unknown Source)
	at c.b.e.aU.g(Unknown Source)
	at a.c.a(Unknown Source)
	at coursier.cli.qm.b(Unknown Source)
	at coursier.cli.M.b(Unknown Source)
	at a.J.d_(Unknown Source)
	at c.E.h(Unknown Source)
	at a.c.a(Unknown Source)
	at coursier.cli.Coursier.main(Unknown Source)
	at sun.reflect.NativeMethodAccessorImpl.invoke0(Native Method)
	at sun.reflect.NativeMethodAccessorImpl.invoke(NativeMethodAccessorImpl.java:62)
	at sun.reflect.DelegatingMethodAccessorImpl.invoke(DelegatingMethodAccessorImpl.java:43)
	at java.lang.reflect.Method.invoke(Method.java:498)
	at coursier.Bootstrap.main(Bootstrap.java:412)
[2017-04-29 10:39:41,304] ERROR langserver.core.Connection - failed notification handler
java.lang.NullPointerException: null
	at org.github.dragos.vscode.EnsimeLanguageServer.onChangeTextDocument(EnsimeLanguageServer.scala:142)
	at langserver.core.LanguageServer$$anonfun$2.apply(LanguageServer.scala:42)
	at langserver.core.LanguageServer$$anonfun$2.apply(LanguageServer.scala:40)
	at langserver.core.Connection$$anonfun$notifySubscribers$1$$anonfun$apply$1.apply$mcV$sp(Connection.scala:42)
	at langserver.core.Connection$$anonfun$notifySubscribers$1$$anonfun$apply$1.apply(Connection.scala:42)
	at langserver.core.Connection$$anonfun$notifySubscribers$1$$anonfun$apply$1.apply(Connection.scala:42)
	at scala.util.Try$.apply(Try.scala:192)
	at langserver.core.Connection$$anonfun$notifySubscribers$1.apply(Connection.scala:42)
	at langserver.core.Connection$$anonfun$notifySubscribers$1.apply(Connection.scala:41)
	at scala.collection.immutable.List.foreach(List.scala:392)
	at scala.collection.generic.TraversableForwarder$class.foreach(TraversableForwarder.scala:35)
	at scala.collection.mutable.ListBuffer.foreach(ListBuffer.scala:45)
	at langserver.core.Connection.notifySubscribers(Connection.scala:41)
	at langserver.core.Connection$$anonfun$start$2$$anonfun$apply$4.apply(Connection.scala:98)
	at langserver.core.Connection$$anonfun$start$2$$anonfun$apply$4.apply(Connection.scala:98)
	at play.api.libs.json.JsResult$class.fold(JsResult.scala:76)
	at play.api.libs.json.JsSuccess.fold(JsResult.scala:9)
	at langserver.core.Connection$$anonfun$start$2.apply(Connection.scala:97)
	at langserver.core.Connection$$anonfun$start$2.apply(Connection.scala:97)
	at scala.Option.fold(Option.scala:158)
	at langserver.core.Connection.start(Connection.scala:97)
	at langserver.core.LanguageServer.start(LanguageServer.scala:50)
	at org.github.dragos.vscode.EnsimeLanguageServer.start(EnsimeLanguageServer.scala:47)
	at org.github.dragos.vscode.Main$.main(Main.scala:23)
	at org.github.dragos.vscode.Main.main(Main.scala)
	at sun.reflect.NativeMethodAccessorImpl.invoke0(Native Method)
	at sun.reflect.NativeMethodAccessorImpl.invoke(NativeMethodAccessorImpl.java:62)
	at sun.reflect.DelegatingMethodAccessorImpl.invoke(DelegatingMethodAccessorImpl.java:43)
	at java.lang.reflect.Method.invoke(Method.java:498)
	at coursier.cli.qn.a(Unknown Source)
	at coursier.cli.qm.i(Unknown Source)
	at coursier.cli.qs.a(Unknown Source)
	at c.g.a.c(Unknown Source)
	at a.b.d_(Unknown Source)
	at c.b.d.E.g(Unknown Source)
	at c.b.e.aU.g(Unknown Source)
	at a.c.a(Unknown Source)
	at coursier.cli.qm.b(Unknown Source)
	at coursier.cli.M.b(Unknown Source)
	at a.J.d_(Unknown Source)
	at c.E.h(Unknown Source)
	at a.c.a(Unknown Source)
	at coursier.cli.Coursier.main(Unknown Source)
	at sun.reflect.NativeMethodAccessorImpl.invoke0(Native Method)
	at sun.reflect.NativeMethodAccessorImpl.invoke(NativeMethodAccessorImpl.java:62)
	at sun.reflect.DelegatingMethodAccessorImpl.invoke(DelegatingMethodAccessorImpl.java:43)
	at java.lang.reflect.Method.invoke(Method.java:498)
	at coursier.Bootstrap.main(Bootstrap.java:412)
[2017-04-29 10:40:19,490] ERROR langserver.core.Connection - failed notification handler
java.lang.NullPointerException: null
	at org.github.dragos.vscode.EnsimeLanguageServer.onChangeTextDocument(EnsimeLanguageServer.scala:142)
	at langserver.core.LanguageServer$$anonfun$2.apply(LanguageServer.scala:42)
	at langserver.core.LanguageServer$$anonfun$2.apply(LanguageServer.scala:40)
	at langserver.core.Connection$$anonfun$notifySubscribers$1$$anonfun$apply$1.apply$mcV$sp(Connection.scala:42)
	at langserver.core.Connection$$anonfun$notifySubscribers$1$$anonfun$apply$1.apply(Connection.scala:42)
	at langserver.core.Connection$$anonfun$notifySubscribers$1$$anonfun$apply$1.apply(Connection.scala:42)
	at scala.util.Try$.apply(Try.scala:192)
	at langserver.core.Connection$$anonfun$notifySubscribers$1.apply(Connection.scala:42)
	at langserver.core.Connection$$anonfun$notifySubscribers$1.apply(Connection.scala:41)
	at scala.collection.immutable.List.foreach(List.scala:392)
	at scala.collection.generic.TraversableForwarder$class.foreach(TraversableForwarder.scala:35)
	at scala.collection.mutable.ListBuffer.foreach(ListBuffer.scala:45)
	at langserver.core.Connection.notifySubscribers(Connection.scala:41)
	at langserver.core.Connection$$anonfun$start$2$$anonfun$apply$4.apply(Connection.scala:98)
	at langserver.core.Connection$$anonfun$start$2$$anonfun$apply$4.apply(Connection.scala:98)
	at play.api.libs.json.JsResult$class.fold(JsResult.scala:76)
	at play.api.libs.json.JsSuccess.fold(JsResult.scala:9)
	at langserver.core.Connection$$anonfun$start$2.apply(Connection.scala:97)
	at langserver.core.Connection$$anonfun$start$2.apply(Connection.scala:97)
	at scala.Option.fold(Option.scala:158)
	at langserver.core.Connection.start(Connection.scala:97)
	at langserver.core.LanguageServer.start(LanguageServer.scala:50)
	at org.github.dragos.vscode.EnsimeLanguageServer.start(EnsimeLanguageServer.scala:47)
	at org.github.dragos.vscode.Main$.main(Main.scala:23)
	at org.github.dragos.vscode.Main.main(Main.scala)
	at sun.reflect.NativeMethodAccessorImpl.invoke0(Native Method)
	at sun.reflect.NativeMethodAccessorImpl.invoke(NativeMethodAccessorImpl.java:62)
	at sun.reflect.DelegatingMethodAccessorImpl.invoke(DelegatingMethodAccessorImpl.java:43)
	at java.lang.reflect.Method.invoke(Method.java:498)
	at coursier.cli.qn.a(Unknown Source)
	at coursier.cli.qm.i(Unknown Source)
	at coursier.cli.qs.a(Unknown Source)
	at c.g.a.c(Unknown Source)
	at a.b.d_(Unknown Source)
	at c.b.d.E.g(Unknown Source)
	at c.b.e.aU.g(Unknown Source)
	at a.c.a(Unknown Source)
	at coursier.cli.qm.b(Unknown Source)
	at coursier.cli.M.b(Unknown Source)
	at a.J.d_(Unknown Source)
	at c.E.h(Unknown Source)
	at a.c.a(Unknown Source)
	at coursier.cli.Coursier.main(Unknown Source)
	at sun.reflect.NativeMethodAccessorImpl.invoke0(Native Method)
	at sun.reflect.NativeMethodAccessorImpl.invoke(NativeMethodAccessorImpl.java:62)
	at sun.reflect.DelegatingMethodAccessorImpl.invoke(DelegatingMethodAccessorImpl.java:43)
	at java.lang.reflect.Method.invoke(Method.java:498)
	at coursier.Bootstrap.main(Bootstrap.java:412)
[2017-04-29 10:40:19,490] ERROR langserver.core.Connection - failed notification handler
java.lang.NullPointerException: null
	at org.github.dragos.vscode.EnsimeLanguageServer.onChangeTextDocument(EnsimeLanguageServer.scala:142)
	at langserver.core.LanguageServer$$anonfun$2.apply(LanguageServer.scala:42)
	at langserver.core.LanguageServer$$anonfun$2.apply(LanguageServer.scala:40)
	at langserver.core.Connection$$anonfun$notifySubscribers$1$$anonfun$apply$1.apply$mcV$sp(Connection.scala:42)
	at langserver.core.Connection$$anonfun$notifySubscribers$1$$anonfun$apply$1.apply(Connection.scala:42)
	at langserver.core.Connection$$anonfun$notifySubscribers$1$$anonfun$apply$1.apply(Connection.scala:42)
	at scala.util.Try$.apply(Try.scala:192)
	at langserver.core.Connection$$anonfun$notifySubscribers$1.apply(Connection.scala:42)
	at langserver.core.Connection$$anonfun$notifySubscribers$1.apply(Connection.scala:41)
	at scala.collection.immutable.List.foreach(List.scala:392)
	at scala.collection.generic.TraversableForwarder$class.foreach(TraversableForwarder.scala:35)
	at scala.collection.mutable.ListBuffer.foreach(ListBuffer.scala:45)
	at langserver.core.Connection.notifySubscribers(Connection.scala:41)
	at langserver.core.Connection$$anonfun$start$2$$anonfun$apply$4.apply(Connection.scala:98)
	at langserver.core.Connection$$anonfun$start$2$$anonfun$apply$4.apply(Connection.scala:98)
	at play.api.libs.json.JsResult$class.fold(JsResult.scala:76)
	at play.api.libs.json.JsSuccess.fold(JsResult.scala:9)
	at langserver.core.Connection$$anonfun$start$2.apply(Connection.scala:97)
	at langserver.core.Connection$$anonfun$start$2.apply(Connection.scala:97)
	at scala.Option.fold(Option.scala:158)
	at langserver.core.Connection.start(Connection.scala:97)
	at langserver.core.LanguageServer.start(LanguageServer.scala:50)
	at org.github.dragos.vscode.EnsimeLanguageServer.start(EnsimeLanguageServer.scala:47)
	at org.github.dragos.vscode.Main$.main(Main.scala:23)
	at org.github.dragos.vscode.Main.main(Main.scala)
	at sun.reflect.NativeMethodAccessorImpl.invoke0(Native Method)
	at sun.reflect.NativeMethodAccessorImpl.invoke(NativeMethodAccessorImpl.java:62)
	at sun.reflect.DelegatingMethodAccessorImpl.invoke(DelegatingMethodAccessorImpl.java:43)
	at java.lang.reflect.Method.invoke(Method.java:498)
	at coursier.cli.qn.a(Unknown Source)
	at coursier.cli.qm.i(Unknown Source)
	at coursier.cli.qs.a(Unknown Source)
	at c.g.a.c(Unknown Source)
	at a.b.d_(Unknown Source)
	at c.b.d.E.g(Unknown Source)
	at c.b.e.aU.g(Unknown Source)
	at a.c.a(Unknown Source)
	at coursier.cli.qm.b(Unknown Source)
	at coursier.cli.M.b(Unknown Source)
	at a.J.d_(Unknown Source)
	at c.E.h(Unknown Source)
	at a.c.a(Unknown Source)
	at coursier.cli.Coursier.main(Unknown Source)
	at sun.reflect.NativeMethodAccessorImpl.invoke0(Native Method)
	at sun.reflect.NativeMethodAccessorImpl.invoke(NativeMethodAccessorImpl.java:62)
	at sun.reflect.DelegatingMethodAccessorImpl.invoke(DelegatingMethodAccessorImpl.java:43)
	at java.lang.reflect.Method.invoke(Method.java:498)
	at coursier.Bootstrap.main(Bootstrap.java:412)
[2017-04-29 10:40:29,788] ERROR langserver.core.Connection - failed notification handler
java.lang.NullPointerException: null
	at org.github.dragos.vscode.EnsimeLanguageServer.onChangeTextDocument(EnsimeLanguageServer.scala:142)
	at langserver.core.LanguageServer$$anonfun$2.apply(LanguageServer.scala:42)
	at langserver.core.LanguageServer$$anonfun$2.apply(LanguageServer.scala:40)
	at langserver.core.Connection$$anonfun$notifySubscribers$1$$anonfun$apply$1.apply$mcV$sp(Connection.scala:42)
	at langserver.core.Connection$$anonfun$notifySubscribers$1$$anonfun$apply$1.apply(Connection.scala:42)
	at langserver.core.Connection$$anonfun$notifySubscribers$1$$anonfun$apply$1.apply(Connection.scala:42)
	at scala.util.Try$.apply(Try.scala:192)
	at langserver.core.Connection$$anonfun$notifySubscribers$1.apply(Connection.scala:42)
	at langserver.core.Connection$$anonfun$notifySubscribers$1.apply(Connection.scala:41)
	at scala.collection.immutable.List.foreach(List.scala:392)
	at scala.collection.generic.TraversableForwarder$class.foreach(TraversableForwarder.scala:35)
	at scala.collection.mutable.ListBuffer.foreach(ListBuffer.scala:45)
	at langserver.core.Connection.notifySubscribers(Connection.scala:41)
	at langserver.core.Connection$$anonfun$start$2$$anonfun$apply$4.apply(Connection.scala:98)
	at langserver.core.Connection$$anonfun$start$2$$anonfun$apply$4.apply(Connection.scala:98)
	at play.api.libs.json.JsResult$class.fold(JsResult.scala:76)
	at play.api.libs.json.JsSuccess.fold(JsResult.scala:9)
	at langserver.core.Connection$$anonfun$start$2.apply(Connection.scala:97)
	at langserver.core.Connection$$anonfun$start$2.apply(Connection.scala:97)
	at scala.Option.fold(Option.scala:158)
	at langserver.core.Connection.start(Connection.scala:97)
	at langserver.core.LanguageServer.start(LanguageServer.scala:50)
	at org.github.dragos.vscode.EnsimeLanguageServer.start(EnsimeLanguageServer.scala:47)
	at org.github.dragos.vscode.Main$.main(Main.scala:23)
	at org.github.dragos.vscode.Main.main(Main.scala)
	at sun.reflect.NativeMethodAccessorImpl.invoke0(Native Method)
	at sun.reflect.NativeMethodAccessorImpl.invoke(NativeMethodAccessorImpl.java:62)
	at sun.reflect.DelegatingMethodAccessorImpl.invoke(DelegatingMethodAccessorImpl.java:43)
	at java.lang.reflect.Method.invoke(Method.java:498)
	at coursier.cli.qn.a(Unknown Source)
	at coursier.cli.qm.i(Unknown Source)
	at coursier.cli.qs.a(Unknown Source)
	at c.g.a.c(Unknown Source)
	at a.b.d_(Unknown Source)
	at c.b.d.E.g(Unknown Source)
	at c.b.e.aU.g(Unknown Source)
	at a.c.a(Unknown Source)
	at coursier.cli.qm.b(Unknown Source)
	at coursier.cli.M.b(Unknown Source)
	at a.J.d_(Unknown Source)
	at c.E.h(Unknown Source)
	at a.c.a(Unknown Source)
	at coursier.cli.Coursier.main(Unknown Source)
	at sun.reflect.NativeMethodAccessorImpl.invoke0(Native Method)
	at sun.reflect.NativeMethodAccessorImpl.invoke(NativeMethodAccessorImpl.java:62)
	at sun.reflect.DelegatingMethodAccessorImpl.invoke(DelegatingMethodAccessorImpl.java:43)
	at java.lang.reflect.Method.invoke(Method.java:498)
	at coursier.Bootstrap.main(Bootstrap.java:412)
[2017-04-29 10:40:29,788] ERROR langserver.core.Connection - failed notification handler
java.lang.NullPointerException: null
	at org.github.dragos.vscode.EnsimeLanguageServer.onChangeTextDocument(EnsimeLanguageServer.scala:142)
	at langserver.core.LanguageServer$$anonfun$2.apply(LanguageServer.scala:42)
	at langserver.core.LanguageServer$$anonfun$2.apply(LanguageServer.scala:40)
	at langserver.core.Connection$$anonfun$notifySubscribers$1$$anonfun$apply$1.apply$mcV$sp(Connection.scala:42)
	at langserver.core.Connection$$anonfun$notifySubscribers$1$$anonfun$apply$1.apply(Connection.scala:42)
	at langserver.core.Connection$$anonfun$notifySubscribers$1$$anonfun$apply$1.apply(Connection.scala:42)
	at scala.util.Try$.apply(Try.scala:192)
	at langserver.core.Connection$$anonfun$notifySubscribers$1.apply(Connection.scala:42)
	at langserver.core.Connection$$anonfun$notifySubscribers$1.apply(Connection.scala:41)
	at scala.collection.immutable.List.foreach(List.scala:392)
	at scala.collection.generic.TraversableForwarder$class.foreach(TraversableForwarder.scala:35)
	at scala.collection.mutable.ListBuffer.foreach(ListBuffer.scala:45)
	at langserver.core.Connection.notifySubscribers(Connection.scala:41)
	at langserver.core.Connection$$anonfun$start$2$$anonfun$apply$4.apply(Connection.scala:98)
	at langserver.core.Connection$$anonfun$start$2$$anonfun$apply$4.apply(Connection.scala:98)
	at play.api.libs.json.JsResult$class.fold(JsResult.scala:76)
	at play.api.libs.json.JsSuccess.fold(JsResult.scala:9)
	at langserver.core.Connection$$anonfun$start$2.apply(Connection.scala:97)
	at langserver.core.Connection$$anonfun$start$2.apply(Connection.scala:97)
	at scala.Option.fold(Option.scala:158)
	at langserver.core.Connection.start(Connection.scala:97)
	at langserver.core.LanguageServer.start(LanguageServer.scala:50)
	at org.github.dragos.vscode.EnsimeLanguageServer.start(EnsimeLanguageServer.scala:47)
	at org.github.dragos.vscode.Main$.main(Main.scala:23)
	at org.github.dragos.vscode.Main.main(Main.scala)
	at sun.reflect.NativeMethodAccessorImpl.invoke0(Native Method)
	at sun.reflect.NativeMethodAccessorImpl.invoke(NativeMethodAccessorImpl.java:62)
	at sun.reflect.DelegatingMethodAccessorImpl.invoke(DelegatingMethodAccessorImpl.java:43)
	at java.lang.reflect.Method.invoke(Method.java:498)
	at coursier.cli.qn.a(Unknown Source)
	at coursier.cli.qm.i(Unknown Source)
	at coursier.cli.qs.a(Unknown Source)
	at c.g.a.c(Unknown Source)
	at a.b.d_(Unknown Source)
	at c.b.d.E.g(Unknown Source)
	at c.b.e.aU.g(Unknown Source)
	at a.c.a(Unknown Source)
	at coursier.cli.qm.b(Unknown Source)
	at coursier.cli.M.b(Unknown Source)
	at a.J.d_(Unknown Source)
	at c.E.h(Unknown Source)
	at a.c.a(Unknown Source)
	at coursier.cli.Coursier.main(Unknown Source)
	at sun.reflect.NativeMethodAccessorImpl.invoke0(Native Method)
	at sun.reflect.NativeMethodAccessorImpl.invoke(NativeMethodAccessorImpl.java:62)
	at sun.reflect.DelegatingMethodAccessorImpl.invoke(DelegatingMethodAccessorImpl.java:43)
	at java.lang.reflect.Method.invoke(Method.java:498)
	at coursier.Bootstrap.main(Bootstrap.java:412)
[2017-04-29 11:01:36,330] ERROR langserver.core.Connection - failed notification handler
java.lang.NullPointerException: null
	at org.github.dragos.vscode.EnsimeLanguageServer.onChangeTextDocument(EnsimeLanguageServer.scala:142)
	at langserver.core.LanguageServer$$anonfun$2.apply(LanguageServer.scala:42)
	at langserver.core.LanguageServer$$anonfun$2.apply(LanguageServer.scala:40)
	at langserver.core.Connection$$anonfun$notifySubscribers$1$$anonfun$apply$1.apply$mcV$sp(Connection.scala:42)
	at langserver.core.Connection$$anonfun$notifySubscribers$1$$anonfun$apply$1.apply(Connection.scala:42)
	at langserver.core.Connection$$anonfun$notifySubscribers$1$$anonfun$apply$1.apply(Connection.scala:42)
	at scala.util.Try$.apply(Try.scala:192)
	at langserver.core.Connection$$anonfun$notifySubscribers$1.apply(Connection.scala:42)
	at langserver.core.Connection$$anonfun$notifySubscribers$1.apply(Connection.scala:41)
	at scala.collection.immutable.List.foreach(List.scala:392)
	at scala.collection.generic.TraversableForwarder$class.foreach(TraversableForwarder.scala:35)
	at scala.collection.mutable.ListBuffer.foreach(ListBuffer.scala:45)
	at langserver.core.Connection.notifySubscribers(Connection.scala:41)
	at langserver.core.Connection$$anonfun$start$2$$anonfun$apply$4.apply(Connection.scala:98)
	at langserver.core.Connection$$anonfun$start$2$$anonfun$apply$4.apply(Connection.scala:98)
	at play.api.libs.json.JsResult$class.fold(JsResult.scala:76)
	at play.api.libs.json.JsSuccess.fold(JsResult.scala:9)
	at langserver.core.Connection$$anonfun$start$2.apply(Connection.scala:97)
	at langserver.core.Connection$$anonfun$start$2.apply(Connection.scala:97)
	at scala.Option.fold(Option.scala:158)
	at langserver.core.Connection.start(Connection.scala:97)
	at langserver.core.LanguageServer.start(LanguageServer.scala:50)
	at org.github.dragos.vscode.EnsimeLanguageServer.start(EnsimeLanguageServer.scala:47)
	at org.github.dragos.vscode.Main$.main(Main.scala:23)
	at org.github.dragos.vscode.Main.main(Main.scala)
	at sun.reflect.NativeMethodAccessorImpl.invoke0(Native Method)
	at sun.reflect.NativeMethodAccessorImpl.invoke(NativeMethodAccessorImpl.java:62)
	at sun.reflect.DelegatingMethodAccessorImpl.invoke(DelegatingMethodAccessorImpl.java:43)
	at java.lang.reflect.Method.invoke(Method.java:498)
	at coursier.cli.qn.a(Unknown Source)
	at coursier.cli.qm.i(Unknown Source)
	at coursier.cli.qs.a(Unknown Source)
	at c.g.a.c(Unknown Source)
	at a.b.d_(Unknown Source)
	at c.b.d.E.g(Unknown Source)
	at c.b.e.aU.g(Unknown Source)
	at a.c.a(Unknown Source)
	at coursier.cli.qm.b(Unknown Source)
	at coursier.cli.M.b(Unknown Source)
	at a.J.d_(Unknown Source)
	at c.E.h(Unknown Source)
	at a.c.a(Unknown Source)
	at coursier.cli.Coursier.main(Unknown Source)
	at sun.reflect.NativeMethodAccessorImpl.invoke0(Native Method)
	at sun.reflect.NativeMethodAccessorImpl.invoke(NativeMethodAccessorImpl.java:62)
	at sun.reflect.DelegatingMethodAccessorImpl.invoke(DelegatingMethodAccessorImpl.java:43)
	at java.lang.reflect.Method.invoke(Method.java:498)
	at coursier.Bootstrap.main(Bootstrap.java:412)
[2017-04-29 11:01:36,330] ERROR langserver.core.Connection - failed notification handler
java.lang.NullPointerException: null
	at org.github.dragos.vscode.EnsimeLanguageServer.onChangeTextDocument(EnsimeLanguageServer.scala:142)
	at langserver.core.LanguageServer$$anonfun$2.apply(LanguageServer.scala:42)
	at langserver.core.LanguageServer$$anonfun$2.apply(LanguageServer.scala:40)
	at langserver.core.Connection$$anonfun$notifySubscribers$1$$anonfun$apply$1.apply$mcV$sp(Connection.scala:42)
	at langserver.core.Connection$$anonfun$notifySubscribers$1$$anonfun$apply$1.apply(Connection.scala:42)
	at langserver.core.Connection$$anonfun$notifySubscribers$1$$anonfun$apply$1.apply(Connection.scala:42)
	at scala.util.Try$.apply(Try.scala:192)
	at langserver.core.Connection$$anonfun$notifySubscribers$1.apply(Connection.scala:42)
	at langserver.core.Connection$$anonfun$notifySubscribers$1.apply(Connection.scala:41)
	at scala.collection.immutable.List.foreach(List.scala:392)
	at scala.collection.generic.TraversableForwarder$class.foreach(TraversableForwarder.scala:35)
	at scala.collection.mutable.ListBuffer.foreach(ListBuffer.scala:45)
	at langserver.core.Connection.notifySubscribers(Connection.scala:41)
	at langserver.core.Connection$$anonfun$start$2$$anonfun$apply$4.apply(Connection.scala:98)
	at langserver.core.Connection$$anonfun$start$2$$anonfun$apply$4.apply(Connection.scala:98)
	at play.api.libs.json.JsResult$class.fold(JsResult.scala:76)
	at play.api.libs.json.JsSuccess.fold(JsResult.scala:9)
	at langserver.core.Connection$$anonfun$start$2.apply(Connection.scala:97)
	at langserver.core.Connection$$anonfun$start$2.apply(Connection.scala:97)
	at scala.Option.fold(Option.scala:158)
	at langserver.core.Connection.start(Connection.scala:97)
	at langserver.core.LanguageServer.start(LanguageServer.scala:50)
	at org.github.dragos.vscode.EnsimeLanguageServer.start(EnsimeLanguageServer.scala:47)
	at org.github.dragos.vscode.Main$.main(Main.scala:23)
	at org.github.dragos.vscode.Main.main(Main.scala)
	at sun.reflect.NativeMethodAccessorImpl.invoke0(Native Method)
	at sun.reflect.NativeMethodAccessorImpl.invoke(NativeMethodAccessorImpl.java:62)
	at sun.reflect.DelegatingMethodAccessorImpl.invoke(DelegatingMethodAccessorImpl.java:43)
	at java.lang.reflect.Method.invoke(Method.java:498)
	at coursier.cli.qn.a(Unknown Source)
	at coursier.cli.qm.i(Unknown Source)
	at coursier.cli.qs.a(Unknown Source)
	at c.g.a.c(Unknown Source)
	at a.b.d_(Unknown Source)
	at c.b.d.E.g(Unknown Source)
	at c.b.e.aU.g(Unknown Source)
	at a.c.a(Unknown Source)
	at coursier.cli.qm.b(Unknown Source)
	at coursier.cli.M.b(Unknown Source)
	at a.J.d_(Unknown Source)
	at c.E.h(Unknown Source)
	at a.c.a(Unknown Source)
	at coursier.cli.Coursier.main(Unknown Source)
	at sun.reflect.NativeMethodAccessorImpl.invoke0(Native Method)
	at sun.reflect.NativeMethodAccessorImpl.invoke(NativeMethodAccessorImpl.java:62)
	at sun.reflect.DelegatingMethodAccessorImpl.invoke(DelegatingMethodAccessorImpl.java:43)
	at java.lang.reflect.Method.invoke(Method.java:498)
	at coursier.Bootstrap.main(Bootstrap.java:412)
[2017-04-29 14:35:47,584] ERROR langserver.core.Connection - failed notification handler
java.lang.NullPointerException: null
	at org.github.dragos.vscode.EnsimeLanguageServer.onChangeTextDocument(EnsimeLanguageServer.scala:142)
	at langserver.core.LanguageServer$$anonfun$2.apply(LanguageServer.scala:42)
	at langserver.core.LanguageServer$$anonfun$2.apply(LanguageServer.scala:40)
	at langserver.core.Connection$$anonfun$notifySubscribers$1$$anonfun$apply$1.apply$mcV$sp(Connection.scala:42)
	at langserver.core.Connection$$anonfun$notifySubscribers$1$$anonfun$apply$1.apply(Connection.scala:42)
	at langserver.core.Connection$$anonfun$notifySubscribers$1$$anonfun$apply$1.apply(Connection.scala:42)
	at scala.util.Try$.apply(Try.scala:192)
	at langserver.core.Connection$$anonfun$notifySubscribers$1.apply(Connection.scala:42)
	at langserver.core.Connection$$anonfun$notifySubscribers$1.apply(Connection.scala:41)
	at scala.collection.immutable.List.foreach(List.scala:392)
	at scala.collection.generic.TraversableForwarder$class.foreach(TraversableForwarder.scala:35)
	at scala.collection.mutable.ListBuffer.foreach(ListBuffer.scala:45)
	at langserver.core.Connection.notifySubscribers(Connection.scala:41)
	at langserver.core.Connection$$anonfun$start$2$$anonfun$apply$4.apply(Connection.scala:98)
	at langserver.core.Connection$$anonfun$start$2$$anonfun$apply$4.apply(Connection.scala:98)
	at play.api.libs.json.JsResult$class.fold(JsResult.scala:76)
	at play.api.libs.json.JsSuccess.fold(JsResult.scala:9)
	at langserver.core.Connection$$anonfun$start$2.apply(Connection.scala:97)
	at langserver.core.Connection$$anonfun$start$2.apply(Connection.scala:97)
	at scala.Option.fold(Option.scala:158)
	at langserver.core.Connection.start(Connection.scala:97)
	at langserver.core.LanguageServer.start(LanguageServer.scala:50)
	at org.github.dragos.vscode.EnsimeLanguageServer.start(EnsimeLanguageServer.scala:47)
	at org.github.dragos.vscode.Main$.main(Main.scala:23)
	at org.github.dragos.vscode.Main.main(Main.scala)
	at sun.reflect.NativeMethodAccessorImpl.invoke0(Native Method)
	at sun.reflect.NativeMethodAccessorImpl.invoke(NativeMethodAccessorImpl.java:62)
	at sun.reflect.DelegatingMethodAccessorImpl.invoke(DelegatingMethodAccessorImpl.java:43)
	at java.lang.reflect.Method.invoke(Method.java:498)
	at coursier.cli.qn.a(Unknown Source)
	at coursier.cli.qm.i(Unknown Source)
	at coursier.cli.qs.a(Unknown Source)
	at c.g.a.c(Unknown Source)
	at a.b.d_(Unknown Source)
	at c.b.d.E.g(Unknown Source)
	at c.b.e.aU.g(Unknown Source)
	at a.c.a(Unknown Source)
	at coursier.cli.qm.b(Unknown Source)
	at coursier.cli.M.b(Unknown Source)
	at a.J.d_(Unknown Source)
	at c.E.h(Unknown Source)
	at a.c.a(Unknown Source)
	at coursier.cli.Coursier.main(Unknown Source)
	at sun.reflect.NativeMethodAccessorImpl.invoke0(Native Method)
	at sun.reflect.NativeMethodAccessorImpl.invoke(NativeMethodAccessorImpl.java:62)
	at sun.reflect.DelegatingMethodAccessorImpl.invoke(DelegatingMethodAccessorImpl.java:43)
	at java.lang.reflect.Method.invoke(Method.java:498)
	at coursier.Bootstrap.main(Bootstrap.java:412)
[2017-04-29 14:35:47,584] ERROR langserver.core.Connection - failed notification handler
java.lang.NullPointerException: null
	at org.github.dragos.vscode.EnsimeLanguageServer.onChangeTextDocument(EnsimeLanguageServer.scala:142)
	at langserver.core.LanguageServer$$anonfun$2.apply(LanguageServer.scala:42)
	at langserver.core.LanguageServer$$anonfun$2.apply(LanguageServer.scala:40)
	at langserver.core.Connection$$anonfun$notifySubscribers$1$$anonfun$apply$1.apply$mcV$sp(Connection.scala:42)
	at langserver.core.Connection$$anonfun$notifySubscribers$1$$anonfun$apply$1.apply(Connection.scala:42)
	at langserver.core.Connection$$anonfun$notifySubscribers$1$$anonfun$apply$1.apply(Connection.scala:42)
	at scala.util.Try$.apply(Try.scala:192)
	at langserver.core.Connection$$anonfun$notifySubscribers$1.apply(Connection.scala:42)
	at langserver.core.Connection$$anonfun$notifySubscribers$1.apply(Connection.scala:41)
	at scala.collection.immutable.List.foreach(List.scala:392)
	at scala.collection.generic.TraversableForwarder$class.foreach(TraversableForwarder.scala:35)
	at scala.collection.mutable.ListBuffer.foreach(ListBuffer.scala:45)
	at langserver.core.Connection.notifySubscribers(Connection.scala:41)
	at langserver.core.Connection$$anonfun$start$2$$anonfun$apply$4.apply(Connection.scala:98)
	at langserver.core.Connection$$anonfun$start$2$$anonfun$apply$4.apply(Connection.scala:98)
	at play.api.libs.json.JsResult$class.fold(JsResult.scala:76)
	at play.api.libs.json.JsSuccess.fold(JsResult.scala:9)
	at langserver.core.Connection$$anonfun$start$2.apply(Connection.scala:97)
	at langserver.core.Connection$$anonfun$start$2.apply(Connection.scala:97)
	at scala.Option.fold(Option.scala:158)
	at langserver.core.Connection.start(Connection.scala:97)
	at langserver.core.LanguageServer.start(LanguageServer.scala:50)
	at org.github.dragos.vscode.EnsimeLanguageServer.start(EnsimeLanguageServer.scala:47)
	at org.github.dragos.vscode.Main$.main(Main.scala:23)
	at org.github.dragos.vscode.Main.main(Main.scala)
	at sun.reflect.NativeMethodAccessorImpl.invoke0(Native Method)
	at sun.reflect.NativeMethodAccessorImpl.invoke(NativeMethodAccessorImpl.java:62)
	at sun.reflect.DelegatingMethodAccessorImpl.invoke(DelegatingMethodAccessorImpl.java:43)
	at java.lang.reflect.Method.invoke(Method.java:498)
	at coursier.cli.qn.a(Unknown Source)
	at coursier.cli.qm.i(Unknown Source)
	at coursier.cli.qs.a(Unknown Source)
	at c.g.a.c(Unknown Source)
	at a.b.d_(Unknown Source)
	at c.b.d.E.g(Unknown Source)
	at c.b.e.aU.g(Unknown Source)
	at a.c.a(Unknown Source)
	at coursier.cli.qm.b(Unknown Source)
	at coursier.cli.M.b(Unknown Source)
	at a.J.d_(Unknown Source)
	at c.E.h(Unknown Source)
	at a.c.a(Unknown Source)
	at coursier.cli.Coursier.main(Unknown Source)
	at sun.reflect.NativeMethodAccessorImpl.invoke0(Native Method)
	at sun.reflect.NativeMethodAccessorImpl.invoke(NativeMethodAccessorImpl.java:62)
	at sun.reflect.DelegatingMethodAccessorImpl.invoke(DelegatingMethodAccessorImpl.java:43)
	at java.lang.reflect.Method.invoke(Method.java:498)
	at coursier.Bootstrap.main(Bootstrap.java:412)
